32 18 150 0 0
101 2 1 1 1 1 101 101 101 1 0 0 0 1 101 101 2 0 
101 2 1 101 2 2 3 101 4 2 0 1 1 3 5 101 3 0 
1 1 1 2 101 1 1 3 101 3 1 3 101 4 101 101 5 2 
0 0 0 1 1 2 1 4 101 4 101 4 101 101 5 101 101 101 
0 1 1 1 0 1 101 3 101 3 3 101 5 4 101 3 4 101 
0 1 101 2 2 3 2 2 1 1 2 101 3 101 3 2 1 1 
1 3 3 4 101 101 3 2 2 1 1 1 3 3 101 2 1 0 
2 101 101 3 101 101 4 101 101 2 1 1 1 101 3 101 1 0 
3 101 4 2 2 3 101 3 3 3 101 2 2 2 3 3 2 1 
2 101 2 0 0 1 1 1 2 101 5 101 2 2 101 3 101 2 
1 2 3 2 1 0 0 0 2 101 101 3 101 3 3 101 3 101 
1 2 101 101 3 1 1 0 2 4 5 4 2 3 101 3 2 1 
101 3 5 101 4 101 2 1 2 101 101 101 3 4 101 2 1 1 
2 101 3 101 3 2 3 101 2 3 4 4 101 101 2 1 1 101 
1 1 2 1 1 1 101 3 2 1 101 2 2 2 1 1 3 3 
0 0 0 0 0 1 2 101 1 2 2 2 0 0 1 2 101 101 
0 0 1 1 1 0 1 1 1 2 101 3 1 1 3 101 4 2 
2 2 3 101 3 1 2 1 1 3 101 101 1 2 101 101 2 0 
101 101 4 101 3 101 4 101 3 3 101 4 3 4 101 5 2 1 
101 101 5 4 4 3 101 101 5 101 4 101 2 101 101 4 101 2 
3 4 101 101 101 3 3 5 101 101 3 1 2 3 101 3 3 101 
101 2 3 101 3 3 101 4 101 4 2 1 2 3 2 1 2 101 
2 2 1 1 1 2 101 4 3 101 1 1 101 101 2 0 1 1 
101 1 1 1 2 2 2 2 101 2 1 2 5 101 3 1 2 2 
1 1 1 101 2 101 1 1 2 2 2 2 101 101 2 1 101 101 
2 2 3 2 4 2 3 2 3 101 2 101 3 3 2 2 2 2 
101 101 4 101 3 101 2 101 101 2 2 1 2 2 101 1 0 0 
3 101 5 101 3 1 2 2 2 1 0 0 1 101 2 1 0 0 
2 3 101 3 2 0 0 0 1 1 1 1 2 3 2 2 1 1 
101 2 3 101 4 2 2 2 3 101 1 1 101 3 101 3 101 1 
1 1 3 101 101 101 2 101 101 3 2 1 1 3 101 3 1 1 
0 0 2 101 4 2 2 2 3 101 1 0 0 1 1 1 0 0 
1 1 1 1 1 1 1 1 1 1 1 1 1 1 1 1 1 1 
1 1 1 1 1 1 1 1 1 1 1 1 1 1 1 1 1 1 
1 1 1 1 1 1 1 1 1 1 1 1 1 1 1 1 1 1 
1 1 1 1 1 1 1 1 1 1 1 1 1 1 1 1 1 1 
1 1 1 1 1 1 1 1 1 1 1 1 1 1 1 1 1 1 
1 1 1 1 1 1 1 1 1 1 1 1 1 1 1 1 1 1 
1 1 1 1 1 1 1 1 1 1 1 1 1 1 1 1 1 1 
1 1 1 1 1 1 1 1 1 1 1 1 1 1 1 1 1 1 
1 1 1 1 1 1 1 1 1 1 1 1 1 1 1 1 1 1 
1 1 1 1 1 1 1 1 1 1 1 1 1 1 1 1 1 1 
1 1 1 1 1 1 1 1 1 1 1 1 1 1 1 1 1 1 
1 1 1 1 1 1 1 1 1 1 1 1 1 1 1 1 1 1 
1 1 1 1 1 1 1 1 1 1 1 1 1 1 1 1 1 1 
1 1 1 1 1 1 1 1 1 1 1 1 1 1 1 1 1 1 
1 1 1 1 1 1 1 1 1 1 1 1 1 1 1 1 1 1 
1 1 1 1 1 1 1 1 1 1 1 1 1 1 1 1 1 1 
1 1 1 1 1 1 1 1 1 1 1 1 1 1 1 1 1 1 
1 1 1 1 1 1 1 1 1 1 1 1 1 1 1 1 1 1 
1 1 1 1 1 1 1 1 1 1 1 1 1 1 1 1 1 1 
1 1 1 1 1 1 1 1 1 1 1 1 1 1 1 1 1 1 
1 1 1 1 1 1 1 1 1 1 1 1 1 1 1 1 1 1 
1 1 1 1 1 1 1 1 1 1 1 1 1 1 1 1 1 1 
1 1 1 1 1 1 1 1 1 1 1 1 1 1 1 1 1 1 
1 1 1 1 1 1 1 1 1 1 1 1 1 1 1 1 1 1 
1 1 1 1 1 1 1 1 1 1 1 1 1 1 1 1 1 1 
1 1 1 1 1 1 1 1 1 1 1 1 1 1 1 1 1 1 
1 1 1 1 1 1 1 1 1 1 1 1 1 1 1 1 1 1 
1 1 1 1 1 1 1 1 1 1 1 1 1 1 1 1 1 1 
1 1 1 1 1 1 1 1 1 1 1 1 1 1 1 1 1 1 
1 1 1 1 1 1 1 1 1 1 1 1 1 1 1 1 1 1 
1 1 1 1 1 1 1 1 1 1 1 1 1 1 1 1 1 1 
1 1 1 1 1 1 1 1 1 1 1 1 1 1 1 1 1 1 
0 32 18
0 30 16
1 30 15
0 30 18
1 30 17
0 29 18
0 29 17
0 29 16
0 32 15
0 32 14
0 32 13
1 31 15
0 30 12
0 29 15
0 29 13
0 29 12
0 30 14
1 30 13
0 30 11
1 30 10
0 29 14
0 29 11
0 29 10
1 32 10
0 31 10
0 28 18
0 28 15
1 28 14
0 28 13
0 28 12
1 27 15
0 27 14
0 26 15
0 26 14
0 26 13
1 26 12
0 26 11
1 26 10
1 25 18
1 25 17
0 25 16
0 25 15
1 25 14
1 25 13
0 25 12
0 25 11
0 25 10
0 24 17
0 24 18
0 24 16
0 24 15
1 24 14
0 24 13
0 24 12
0 24 11
0 24 10
0 23 18
0 23 17
0 23 16
1 23 14
0 23 11
1 22 18
0 22 14
0 22 12
0 22 11
0 22 10
1 27 9
0 30 9
0 29 9
0 32 9
0 32 8
0 32 7
1 31 9
1 31 8
0 31 7
0 30 8
0 30 7
0 30 6
0 29 8
0 32 6
0 32 5
1 32 4
1 31 6
1 31 5
1 31 4
1 28 4
1 27 8
0 27 7
1 27 6
0 27 5
0 26 9
0 26 8
0 26 7
0 26 6
0 26 5
0 25 9
0 25 8
0 25 7
1 25 6
0 25 5
1 25 4
1 24 9
0 24 8
0 24 7
0 24 6
0 24 5
0 24 4
1 30 4
0 29 4
1 27 4
0 26 4
0 27 3
0 26 3
0 25 3
0 24 3
0 24 2
1 27 2
0 23 8
0 23 5
0 23 4
1 23 13
0 23 12
1 23 10
0 23 9
1 23 7
0 23 6
0 23 3
0 22 13
1 22 7
0 22 6
0 22 5
1 22 4
0 22 3
0 21 12
1 22 9
0 22 8
1 21 18
0 21 17
0 21 16
1 21 15
0 21 14
0 21 13
0 21 11
1 21 10
1 21 9
0 21 8
0 21 7
1 21 4
1 20 15
0 20 18
1 20 14
0 20 13
1 20 12
0 20 11
1 20 10
0 19 14
0 19 13
0 19 12
1 19 11
0 19 10
0 20 9
0 21 6
1 21 5
1 20 8
1 20 7
0 20 6
0 20 5
0 19 9
1 19 8
0 18 14
1 18 11
0 18 10
0 18 9
0 18 8
0 17 15
0 17 14
0 17 13
0 17 8
0 19 7
0 18 7
1 17 11
0 17 10
0 17 9
0 17 7
0 17 6
0 20 4
1 19 6
0 19 5
1 19 4
0 19 3
1 19 2
1 19 1
1 18 4
0 16 11
0 16 10
0 16 9
0 16 15
1 16 8
0 15 16
0 15 15
0 15 14
1 18 16
1 18 15
0 15 12
1 15 11
0 15 10
1 19 15
0 18 13
1 18 12
0 17 12
0 16 14
1 17 16
0 16 16
0 15 9
0 15 8
1 15 7
1 14 13
0 14 16
0 14 10
0 14 7
0 14 6
0 14 5
1 14 4
0 14 3
1 14 2
0 14 1
0 13 7
1 13 4
0 13 3
0 13 2
1 13 1
0 12 8
0 14 15
1 14 14
0 14 12
0 14 11
0 14 9
1 14 8
0 13 13
0 13 17
1 13 12
1 13 11
1 13 10
1 13 6
0 13 5
0 12 14
0 12 13
0 12 12
0 17 17
1 16 17
0 15 17
0 14 17
0 18 18
1 20 17
0 20 16
0 19 16
1 16 18
0 13 18
0 13 16
1 13 15
0 13 14
0 12 17
0 12 16
1 12 15
0 12 10
1 12 4
1 12 3
0 12 2
0 12 1
0 11 14
1 11 10
0 11 2
0 11 1
1 10 10
1 10 2
0 10 1
0 9 10
0 9 9
0 9 8
1 9 7
1 9 2
0 9 1
0 22 2
0 26 2
0 25 2
0 23 2
0 21 1
1 27 1
0 26 1
0 25 1
1 24 1
0 23 1
1 22 1
1 20 1
0 11 12
0 11 15
1 11 13
0 8 11
0 7 10
1 8 8
0 6 9
0 6 10
0 6 11
0 7 9
0 7 11
0 7 8
0 7 7
0 6 8
0 6 7
0 8 12
0 5 6
1 8 6
1 8 3
1 5 12
1 5 7
0 5 10
0 4 5
0 4 6
0 4 7
0 8 10
0 10 11
0 9 13
1 9 11
1 8 9
0 8 7
1 8 5
0 8 4
1 8 2
0 8 1
1 7 6
0 7 2
0 7 1
0 6 6
1 7 5
0 7 4
0 7 3
0 6 5
0 6 4
1 6 3
0 6 2
0 6 1
0 5 11
1 5 9
0 5 8
0 5 5
0 3 7
0 3 6
1 3 5
1 2 8
0 2 7
0 2 6
0 2 5
1 2 4
0 2 3
0 2 2
1 2 1
0 1 4
1 1 7
1 1 1
1 11 11
0 12 11
1 10 12
0 10 13
0 9 14
1 10 15
0 10 14
0 9 15
0 9 12
0 8 15
1 8 14
0 8 13
0 7 14
0 7 13
0 7 12
1 6 14
0 6 13
1 6 12
0 5 14
0 5 13
1 4 14
1 4 13
0 4 12
1 4 9
0 4 8
1 3 9
0 3 8
0 2 9
1 1 8
0 1 6
0 1 5
0 1 3
0 1 2
0 10 16
0 11 17
1 11 16
0 9 17
0 9 18
0 8 18
0 10 18
0 15 18
1 14 18
0 12 18
1 11 18
1 10 17
0 9 16
1 8 16
0 7 16
1 7 15
0 6 16
0 6 15
1 5 18
0 5 17
0 5 16
1 5 15
1 4 18
1 4 17
1 4 16
0 4 15
0 29 3
DIE
