16 30 99 0 0 0
101 1 0 1 2 101 1 1 1 1 1 1 1 0 0 1 2 2 1 0 0 0 1 101 2 2 101 101 2 101 
2 2 1 1 101 2 1 1 101 1 1 101 1 0 0 1 101 101 2 1 1 0 1 1 2 101 3 2 2 1 
1 101 2 2 2 2 1 3 2 3 2 2 1 0 0 1 2 2 2 101 1 0 1 1 3 2 2 0 0 0 
2 2 2 101 2 2 101 2 101 3 101 2 0 1 2 2 2 1 2 1 1 0 1 101 2 101 2 1 0 0 
101 2 1 3 101 4 2 4 2 4 101 3 2 3 101 101 2 101 1 0 0 0 1 1 2 2 101 1 1 1 
101 3 1 3 101 4 101 3 101 2 1 2 101 101 5 3 3 1 1 1 2 2 2 2 2 2 2 2 2 101 
2 3 101 2 1 3 101 3 1 1 1 2 5 101 4 101 1 0 0 1 101 101 3 101 101 1 1 101 3 2 
1 101 4 4 2 2 1 1 0 0 1 101 3 101 3 1 1 0 0 1 2 2 4 101 5 2 2 1 3 101 
1 2 101 101 101 2 1 1 0 0 1 2 3 3 2 1 0 0 0 0 0 0 2 101 3 101 1 0 3 101 
2 4 4 4 3 3 101 1 0 0 0 1 101 2 101 1 0 0 0 0 0 0 1 1 2 2 2 1 2 101 
101 101 101 2 2 101 3 2 1 0 1 2 2 3 2 2 0 0 0 0 1 1 1 1 2 3 101 1 1 1 
4 6 4 3 101 2 2 101 1 0 1 101 1 1 101 2 2 2 1 1 3 101 4 3 101 101 3 3 2 1 
101 101 101 3 2 2 1 1 1 0 1 1 1 1 1 2 101 101 3 3 101 101 101 101 3 2 2 101 101 1 
3 4 4 4 101 3 1 1 0 1 1 1 0 0 0 1 2 3 101 101 4 3 3 2 1 0 1 2 2 1 
2 101 4 101 101 4 101 2 0 1 101 2 1 1 1 2 2 3 5 101 3 0 0 0 0 0 0 0 0 0 
101 3 101 101 3 3 101 2 0 1 2 101 1 1 101 2 101 101 3 101 2 0 0 0 0 0 0 0 0 0 
1 1 1 1 1 1 1 1 1 1 1 1 1 1 1 1 1 1 1 1 1 1 1 1 1 1 1 1 1 1 
1 1 1 1 1 1 1 1 1 1 1 1 1 1 1 1 1 1 1 1 1 1 1 1 1 1 1 1 1 1 
1 1 1 1 1 1 1 1 1 1 1 1 1 1 1 1 1 1 1 1 1 1 1 1 1 1 1 1 1 1 
1 1 1 1 1 1 1 1 1 1 1 1 1 1 1 1 1 1 1 1 1 1 1 1 1 1 1 1 1 1 
1 1 1 1 1 1 1 1 1 1 1 1 1 1 1 1 1 1 1 1 1 1 1 1 1 1 1 1 1 1 
1 1 1 1 1 1 1 1 1 1 1 1 1 1 1 1 1 1 1 1 1 1 1 1 1 1 1 1 1 1 
1 1 1 1 1 1 1 1 1 1 1 1 1 1 1 1 1 1 1 1 1 1 1 1 1 1 1 1 1 1 
1 1 1 1 1 1 1 1 1 1 1 1 1 1 1 1 1 1 1 1 1 1 1 1 1 1 1 1 1 1 
1 1 1 1 1 1 1 1 1 1 1 1 1 1 1 1 1 1 1 1 1 1 1 1 1 1 1 1 1 1 
1 1 1 1 1 1 1 1 1 1 1 1 1 1 1 1 1 1 1 1 1 1 1 1 1 1 1 1 1 1 
1 1 1 1 1 1 1 1 1 1 1 1 1 1 1 1 1 1 1 1 1 1 1 1 1 1 1 1 1 1 
1 1 1 1 1 1 1 1 1 1 1 1 1 1 1 1 1 1 1 1 1 1 1 1 1 1 1 1 1 1 
1 1 1 1 1 1 1 1 1 1 1 1 1 1 1 1 1 1 1 1 1 1 1 1 1 1 1 1 1 1 
1 1 1 1 1 1 1 1 1 1 1 1 1 1 1 1 1 1 1 1 1 1 1 1 1 1 1 1 1 1 
1 1 1 1 1 1 1 1 1 1 1 1 1 1 1 1 1 1 1 1 1 1 1 1 1 1 1 1 1 1 
1 1 1 1 1 1 1 1 1 1 1 1 1 1 1 1 1 1 1 1 1 1 1 1 1 1 1 1 1 1 
0 16 30
1 16 20
1 15 20
1 14 20
1 13 29
0 13 30
1 13 28
1 13 24
1 13 23
1 13 22
1 13 21
0 13 20
0 12 30
0 12 29
0 11 30
0 11 29
0 12 28
0 11 28
1 12 25
1 10 30
0 10 29
0 10 28
0 10 27
0 9 27
0 8 26
0 8 28
0 8 27
0 7 29
0 9 29
0 9 28
1 9 30
1 11 27
0 12 27
1 12 26
0 12 24
0 11 26
0 12 23
0 11 25
0 11 24
0 11 23
0 10 26
0 10 25
0 10 24
0 10 23
1 9 26
0 9 25
1 9 24
0 9 23
0 11 22
1 12 22
0 10 22
0 13 19
1 14 19
1 13 18
0 14 18
1 13 17
0 15 19
0 15 18
0 15 17
0 14 17
0 15 16
0 14 16
0 13 16
0 15 15
0 14 15
1 12 15
0 12 14
0 12 13
1 12 12
0 14 11
0 13 11
1 15 11
0 15 10
0 16 11
0 16 10
1 16 12
0 16 9
1 16 7
1 15 7
0 16 14
0 16 13
1 16 15
0 16 16
1 16 17
1 16 18
0 16 19
0 14 7
0 13 7
0 15 6
0 14 6
0 13 6
1 12 8
0 12 7
0 12 6
0 11 15
0 11 14
0 11 13
1 10 15
0 10 14
1 10 13
0 9 15
0 9 14
0 9 13
1 8 30
1 8 24
0 8 25
0 8 15
1 8 14
0 8 13
1 8 12
1 7 22
1 7 21
0 7 23
1 7 24
1 7 16
0 7 15
1 7 14
0 7 13
0 7 12
0 6 24
0 6 23
0 6 22
0 6 21
0 6 16
0 6 12
1 6 14
0 6 15
1 6 13
0 6 11
0 6 10
1 6 9
0 6 8
0 5 24
0 5 23
0 5 22
1 5 18
0 5 17
1 5 16
1 5 15
0 5 14
1 4 24
0 6 25
0 5 25
1 7 25
0 7 27
1 7 28
0 7 30
0 7 26
0 6 28
0 6 27
0 6 26
0 5 26
1 5 27
0 6 29
1 6 30
0 5 30
0 5 29
0 5 28
0 4 30
0 4 25
1 4 26
0 4 18
0 4 17
0 4 16
0 5 13
0 4 15
0 4 14
0 4 13
1 5 11
0 5 10
0 5 9
1 4 11
0 3 26
0 3 25
0 3 24
1 3 20
0 3 19
0 3 18
0 3 17
0 3 11
1 2 26
0 2 25
0 2 24
1 2 18
1 2 17
1 2 12
0 2 11
0 4 10
1 4 9
0 5 8
0 4 8
0 3 10
0 3 9
0 2 10
1 2 9
0 3 8
0 2 8
1 1 24
0 1 26
1 1 28
1 1 27
0 1 29
1 1 30
0 1 25
0 1 18
0 1 17
0 1 12
0 1 11
0 1 10
0 1 9
0 3 7
0 2 7
1 4 7
0 5 7
1 7 7
0 9 7
0 8 7
1 10 7
0 11 7
1 11 6
0 10 6
0 9 6
0 8 6
0 7 6
1 6 7
0 6 6
0 5 6
0 4 6
0 3 6
0 2 6
0 1 8
0 1 7
1 1 6
1 14 5
0 11 5
0 10 5
1 9 5
0 8 5
0 7 5
1 6 5
0 8 4
0 7 4
1 9 4
0 11 4
0 10 4
0 6 4
1 5 5
0 4 5
0 3 5
1 2 5
0 1 5
0 2 4
0 3 4
1 4 4
0 5 4
0 6 3
0 5 3
1 7 3
0 8 3
1 9 3
0 7 2
0 6 2
0 5 2
0 4 3
0 4 2
0 3 3
1 3 2
0 2 3
0 2 2
0 1 4
0 1 3
0 12 3
1 6 1
0 3 1
0 4 1
1 5 1
0 7 1
0 2 1
1 1 1
0 12 5
DIE
